<?xml version="1.0" encoding="UTF-8"?>
<!-- Generated by org.testng.reporters.JUnitReportReporter -->
<testsuite hostname="Mahadev" failures="0" tests="1" name="com.projectname.qa.TestCases.Login_Page_Test" time="0.956" errors="0" timestamp="14 Oct 2022 11:53:32 GMT">
  <testcase classname="com.projectname.qa.TestCases.Login_Page_Test" name="FacebookLoginPageTest" time="0.956"/>
</testsuite>
